TN:
SF:./entrypoint.sh
FNF:0
FNH:0
DA:3,0
DA:4,0
DA:5,0
DA:8,0
DA:9,0
DA:10,0
DA:13,0
DA:14,0
DA:15,0
DA:16,0
DA:19,0
DA:22,0
DA:23,0
DA:26,0
DA:28,0
DA:29,0
DA:30,0
LF:17
LH:0
end_of_record
TN:
SF:./test/entrypoint.test.sh
FNF:0
FNH:0
DA:3,0
DA:4,0
DA:6,0
DA:7,0
DA:8,0
DA:9,0
DA:11,0
DA:12,0
DA:13,0
DA:16,0
LF:10
LH:0
end_of_record
TN:
SF:entrypoint.sh
FNF:0
FNH:0
DA:8,1
DA:9,1
DA:10,1
LF:3
LH:3
end_of_record
TN:
SF:test/entrypoint.test.sh
FNF:0
FNH:0
DA:6,2
DA:7,1
DA:8,1
DA:9,1
DA:11,1
DA:16,1
LF:6
LH:6
end_of_record
