TN:
SF:
DA:,1
end_of_record
TN:
SF:
DA:,1
end_of_record
TN:
SF:${BASH_SOURCE}
DA:${LINENO},1
end_of_record
TN:
SF:${BASH_SOURCE}
DA:${LINENO},1
end_of_record
TN:
SF:test/entrypoint.test.sh
DA:6,1
end_of_record
TN:
SF:
DA:,1
end_of_record
TN:
SF: not found GITHUB_TOKEN'
DA:,1
end_of_record
TN:
SF:
DA:,1
end_of_record
TN:
SF:test/entrypoint.test.sh
DA:6,1
end_of_record
TN:
SF:test/entrypoint.test.sh
DA:7,1
end_of_record
TN:
SF:test/entrypoint.test.sh
DA:8,1
end_of_record
TN:
SF:test/entrypoint.test.sh
DA:9,1
end_of_record
TN:
SF:test/entrypoint.test.sh
DA:11,1
end_of_record
TN:
SF:test/entrypoint.test.sh
DA:16,1
end_of_record
