TN:
SF:./rtail.sh
FNF:0
FNH:0
DA:3,0
DA:5,1
DA:6,1
DA:7,1
DA:8,1
DA:9,1
DA:10,1
DA:12,1
DA:13,1
DA:16,1
DA:17,0
DA:19,1
DA:23,1
DA:24,1
DA:28,1
DA:29,1
DA:34,0
DA:39,0
DA:45,5
DA:47,0
DA:48,0
DA:56,0
DA:57,0
DA:65,4
DA:66,4
DA:69,4
DA:70,1
DA:76,3
DA:77,2
DA:78,1
DA:80,1
DA:82,2
DA:83,2
DA:89,1
DA:91,0
DA:92,0
DA:93,0
DA:96,0
DA:97,0
DA:98,0
DA:101,0
DA:102,0
DA:103,0
DA:104,0
DA:108,0
DA:110,1
DA:111,1
DA:112,0
DA:113,0
DA:114,0
DA:115,0
DA:116,0
DA:117,0
DA:119,1
DA:128,1
DA:131,1
DA:132,0
DA:133,0
DA:134,0
DA:135,1
DA:136,0
DA:137,0
DA:138,0
DA:142,1
DA:145,1
DA:146,1
DA:147,1
DA:148,1
DA:149,1
DA:152,1
DA:155,1
DA:156,0
DA:158,1
LF:73
LH:41
end_of_record
TN:
SF:./test.sh
FNF:0
FNH:0
DA:3,0
DA:4,0
DA:5,0
DA:8,0
DA:10,0
DA:11,0
DA:13,0
DA:14,0
DA:15,0
DA:18,0
DA:19,0
LF:11
LH:0
end_of_record
TN:
SF:test.sh
FNF:0
FNH:0
DA:3,1
DA:4,1
DA:5,2
DA:8,1
DA:10,2
DA:11,2
DA:13,1
DA:18,1
DA:19,1
LF:9
LH:9
end_of_record
