TN:
SF:test.sh
DA:3,1
end_of_record
TN:
SF:test.sh
DA:4,1
end_of_record
TN:
SF:test.sh
DA:5,1
end_of_record
TN:
SF:test.sh
DA:5,1
end_of_record
TN:
SF:test.sh
DA:8,1
end_of_record
TN:
SF:test.sh
DA:10,1
end_of_record
TN:
SF:test.sh
DA:10,1
end_of_record
TN:
SF:test.sh
DA:11,1
end_of_record
TN:
SF:./rtail.sh
DA:5,1
end_of_record
TN:
SF:./rtail.sh
DA:6,1
end_of_record
TN:
SF:./rtail.sh
DA:7,1
end_of_record
TN:
SF:./rtail.sh
DA:8,1
end_of_record
TN:
SF:./rtail.sh
DA:9,1
end_of_record
TN:
SF:./rtail.sh
DA:10,1
end_of_record
TN:
SF:./rtail.sh
DA:12,1
end_of_record
TN:
SF:./rtail.sh
DA:13,1
end_of_record
TN:
SF:./rtail.sh
DA:16,1
end_of_record
TN:
SF:./rtail.sh
DA:19,1
end_of_record
TN:
SF:./rtail.sh
DA:23,1
end_of_record
TN:
SF:./rtail.sh
DA:24,1
end_of_record
TN:
SF:./rtail.sh
DA:28,1
end_of_record
TN:
SF:./rtail.sh
DA:29,1
end_of_record
TN:
SF:./rtail.sh
DA:155,1
end_of_record
TN:
SF:./rtail.sh
DA:158,1
end_of_record
TN:
SF:./rtail.sh
DA:128,1
end_of_record
TN:
SF:./rtail.sh
DA:65,1
end_of_record
TN:
SF:./rtail.sh
DA:66,1
end_of_record
TN:
SF:./rtail.sh
DA:69,1
end_of_record
TN:
SF:./rtail.sh
DA:76,1
end_of_record
TN:
SF:./rtail.sh
DA:89,1
end_of_record
TN:
SF:./rtail.sh
DA:110,1
end_of_record
TN:
SF:./rtail.sh
DA:111,1
end_of_record
TN:
SF:./rtail.sh
DA:119,1
end_of_record
TN:
SF:./rtail.sh
DA:65,1
end_of_record
TN:
SF:./rtail.sh
DA:66,1
end_of_record
TN:
SF:./rtail.sh
DA:69,1
end_of_record
TN:
SF:./rtail.sh
DA:76,1
end_of_record
TN:
SF:./rtail.sh
DA:77,1
end_of_record
TN:
SF:./rtail.sh
DA:78,1
end_of_record
TN:
SF:./rtail.sh
DA:82,1
end_of_record
TN:
SF:./rtail.sh
DA:83,1
end_of_record
TN:
SF:./rtail.sh
DA:65,1
end_of_record
TN:
SF:./rtail.sh
DA:66,1
end_of_record
TN:
SF:./rtail.sh
DA:69,1
end_of_record
TN:
SF:./rtail.sh
DA:76,1
end_of_record
TN:
SF:./rtail.sh
DA:77,1
end_of_record
TN:
SF:./rtail.sh
DA:80,1
end_of_record
TN:
SF:./rtail.sh
DA:82,1
end_of_record
TN:
SF:./rtail.sh
DA:83,1
end_of_record
TN:
SF:./rtail.sh
DA:65,1
end_of_record
TN:
SF:./rtail.sh
DA:66,1
end_of_record
TN:
SF:./rtail.sh
DA:69,1
end_of_record
TN:
SF:./rtail.sh
DA:70,1
end_of_record
TN:
SF:./rtail.sh
DA:131,1
end_of_record
TN:
SF:./rtail.sh
DA:135,1
end_of_record
TN:
SF:./rtail.sh
DA:142,1
end_of_record
TN:
SF:./rtail.sh
DA:145,1
end_of_record
TN:
SF:./rtail.sh
DA:45,1
end_of_record
TN:
SF:./rtail.sh
DA:146,1
end_of_record
TN:
SF:./rtail.sh
DA:45,1
end_of_record
TN:
SF:./rtail.sh
DA:147,1
end_of_record
TN:
SF:./rtail.sh
DA:45,1
end_of_record
TN:
SF:./rtail.sh
DA:148,1
end_of_record
TN:
SF:./rtail.sh
DA:45,1
end_of_record
TN:
SF:./rtail.sh
DA:149,1
end_of_record
TN:
SF:./rtail.sh
DA:45,1
end_of_record
TN:
SF:./rtail.sh
DA:152,1
end_of_record
TN:
SF:test.sh
DA:11,1
end_of_record
TN:
SF:test.sh
DA:13,1
end_of_record
TN:
SF:test.sh
DA:18,1
end_of_record
TN:
SF:test.sh
DA:19,1
end_of_record
